###############################################################################
Model: "sequential"
_________________________________________________________________
 Layer (type)                Output Shape              Param #   
=================================================================
 enc_1 (Dense)               (None, 392)               307720    
                                                                 
 hidden_layer_0 (Dense)      (None, 352)               138336    
                                                                 
 hidden_layer_1 (Dense)      (None, 250)               88250     
                                                                 
 output_layer (Dense)        (None, 10)                2510      
                                                                 
=================================================================
Total params: 536,816
Trainable params: 229,096
Non-trainable params: 307,720
_________________________________________________________________
None
Training model 0.0...
Finished Training... 4 models left.
Training model 0.1...
Finished Training... 3 models left.
Training model 0.2...
Finished Training... 2 models left.
Training model 0.3...
Finished Training... 1 models left.
Training model 0.4...
Finished Training... 0 models left.
--------------------------------------------------
Run #0
n_units_one : 352
n_units_two : 250
learning_rate : 0.03481410351917474
activation : selu
optimizer : adam
Avg. Val. Acc. :: 0.5170333333333333
###############################################################################
###############################################################################
Model: "sequential_5"
_________________________________________________________________
 Layer (type)                Output Shape              Param #   
=================================================================
 enc_1 (Dense)               (None, 392)               307720    
                                                                 
 hidden_layer_0 (Dense)      (None, 323)               126939    
                                                                 
 output_layer (Dense)        (None, 10)                3240      
                                                                 
=================================================================
Total params: 437,899
Trainable params: 130,179
Non-trainable params: 307,720
_________________________________________________________________
None
Training model 1.0...
Finished Training... 4 models left.
Training model 1.1...
Finished Training... 3 models left.
Training model 1.2...
Finished Training... 2 models left.
Training model 1.3...
Finished Training... 1 models left.
Training model 1.4...
Finished Training... 0 models left.
--------------------------------------------------
Run #1
n_units_one : 323
n_units_two : 28
learning_rate : 0.002710162626224753
activation : tanh
optimizer : adam
Avg. Val. Acc. :: 0.8100166666666666
###############################################################################
###############################################################################
Model: "sequential_10"
_________________________________________________________________
 Layer (type)                Output Shape              Param #   
=================================================================
 enc_1 (Dense)               (None, 392)               307720    
                                                                 
 hidden_layer_0 (Dense)      (None, 332)               130476    
                                                                 
 output_layer (Dense)        (None, 10)                3330      
                                                                 
=================================================================
Total params: 441,526
Trainable params: 133,806
Non-trainable params: 307,720
_________________________________________________________________
None
Training model 2.0...
Finished Training... 4 models left.
Training model 2.1...
Finished Training... 3 models left.
Training model 2.2...
Finished Training... 2 models left.
Training model 2.3...
Finished Training... 1 models left.
Training model 2.4...
Finished Training... 0 models left.
--------------------------------------------------
Run #2
n_units_one : 332
n_units_two : 248
learning_rate : 0.008800667561385514
activation : selu
optimizer : sgd
Avg. Val. Acc. :: 0.8771000000000001
###############################################################################
###############################################################################
Model: "sequential_15"
_________________________________________________________________
 Layer (type)                Output Shape              Param #   
=================================================================
 enc_1 (Dense)               (None, 392)               307720    
                                                                 
 hidden_layer_0 (Dense)      (None, 308)               121044    
                                                                 
 output_layer (Dense)        (None, 10)                3090      
                                                                 
=================================================================
Total params: 431,854
Trainable params: 124,134
Non-trainable params: 307,720
_________________________________________________________________
None
Training model 3.0...
Finished Training... 4 models left.
Training model 3.1...
Finished Training... 3 models left.
Training model 3.2...
Finished Training... 2 models left.
Training model 3.3...
Finished Training... 1 models left.
Training model 3.4...
Finished Training... 0 models left.
--------------------------------------------------
Run #3
n_units_one : 308
n_units_two : 257
learning_rate : 0.02527739155984556
activation : selu
optimizer : sgd
Avg. Val. Acc. :: 0.8761833333333333
###############################################################################
###############################################################################
Model: "sequential_20"
_________________________________________________________________
 Layer (type)                Output Shape              Param #   
=================================================================
 enc_1 (Dense)               (None, 392)               307720    
                                                                 
 hidden_layer_0 (Dense)      (None, 365)               143445    
                                                                 
 hidden_layer_1 (Dense)      (None, 176)               64416     
                                                                 
 output_layer (Dense)        (None, 10)                1770      
                                                                 
=================================================================
Total params: 517,351
Trainable params: 209,631
Non-trainable params: 307,720
_________________________________________________________________
None
Training model 4.0...
Finished Training... 4 models left.
Training model 4.1...
Finished Training... 3 models left.
Training model 4.2...
Finished Training... 2 models left.
Training model 4.3...
Finished Training... 1 models left.
Training model 4.4...
Finished Training... 0 models left.
--------------------------------------------------
Run #4
n_units_one : 365
n_units_two : 176
learning_rate : 0.018873257833005665
activation : relu
optimizer : adam
Avg. Val. Acc. :: 0.7624833333333334
###############################################################################
###############################################################################
Model: "sequential_25"
_________________________________________________________________
 Layer (type)                Output Shape              Param #   
=================================================================
 enc_1 (Dense)               (None, 392)               307720    
                                                                 
 hidden_layer_0 (Dense)      (None, 312)               122616    
                                                                 
 output_layer (Dense)        (None, 10)                3130      
                                                                 
=================================================================
Total params: 433,466
Trainable params: 125,746
Non-trainable params: 307,720
_________________________________________________________________
None
Training model 5.0...
Finished Training... 4 models left.
Training model 5.1...
Finished Training... 3 models left.
Training model 5.2...
Finished Training... 2 models left.
Training model 5.3...
Finished Training... 1 models left.
Training model 5.4...
Finished Training... 0 models left.
--------------------------------------------------
Run #5
n_units_one : 312
n_units_two : 220
learning_rate : 0.0002544805063401325
activation : selu
optimizer : adam
Avg. Val. Acc. :: 0.8878833333333332
###############################################################################
###############################################################################
Model: "sequential_30"
_________________________________________________________________
 Layer (type)                Output Shape              Param #   
=================================================================
 enc_1 (Dense)               (None, 392)               307720    
                                                                 
 hidden_layer_0 (Dense)      (None, 316)               124188    
                                                                 
 hidden_layer_1 (Dense)      (None, 121)               38357     
                                                                 
 output_layer (Dense)        (None, 10)                1220      
                                                                 
=================================================================
Total params: 471,485
Trainable params: 163,765
Non-trainable params: 307,720
_________________________________________________________________
None
Training model 6.0...
Finished Training... 4 models left.
Training model 6.1...
Finished Training... 3 models left.
Training model 6.2...
Finished Training... 2 models left.
Training model 6.3...
Finished Training... 1 models left.
Training model 6.4...
Finished Training... 0 models left.
--------------------------------------------------
Run #6
n_units_one : 316
n_units_two : 121
learning_rate : 0.002237947889232047
activation : selu
optimizer : sgd
Avg. Val. Acc. :: 0.8774666666666666
###############################################################################
###############################################################################
Model: "sequential_35"
_________________________________________________________________
 Layer (type)                Output Shape              Param #   
=================================================================
 enc_1 (Dense)               (None, 392)               307720    
                                                                 
 hidden_layer_0 (Dense)      (None, 304)               119472    
                                                                 
 hidden_layer_1 (Dense)      (None, 285)               86925     
                                                                 
 output_layer (Dense)        (None, 10)                2860      
                                                                 
=================================================================
Total params: 516,977
Trainable params: 209,257
Non-trainable params: 307,720
_________________________________________________________________
None
Training model 7.0...
Finished Training... 4 models left.
Training model 7.1...
Finished Training... 3 models left.
Training model 7.2...
Finished Training... 2 models left.
Training model 7.3...
Finished Training... 1 models left.
Training model 7.4...
Finished Training... 0 models left.
--------------------------------------------------
Run #7
n_units_one : 304
n_units_two : 285
learning_rate : 0.0003256332587468535
activation : selu
optimizer : sgd
Avg. Val. Acc. :: 0.8548666666666668
###############################################################################
###############################################################################
Model: "sequential_40"
_________________________________________________________________
 Layer (type)                Output Shape              Param #   
=================================================================
 enc_1 (Dense)               (None, 392)               307720    
                                                                 
 hidden_layer_0 (Dense)      (None, 354)               139122    
                                                                 
 output_layer (Dense)        (None, 10)                3550      
                                                                 
=================================================================
Total params: 450,392
Trainable params: 142,672
Non-trainable params: 307,720
_________________________________________________________________
None
Training model 8.0...
Finished Training... 4 models left.
Training model 8.1...
Finished Training... 3 models left.
Training model 8.2...
Finished Training... 2 models left.
Training model 8.3...
Finished Training... 1 models left.
Training model 8.4...
Finished Training... 0 models left.
--------------------------------------------------
Run #8
n_units_one : 354
n_units_two : 104
learning_rate : 0.0079950682207965
activation : tanh
optimizer : sgd
Avg. Val. Acc. :: 0.8849833333333335
###############################################################################
###############################################################################
Model: "sequential_45"
_________________________________________________________________
 Layer (type)                Output Shape              Param #   
=================================================================
 enc_1 (Dense)               (None, 392)               307720    
                                                                 
 hidden_layer_0 (Dense)      (None, 356)               139908    
                                                                 
 hidden_layer_1 (Dense)      (None, 293)               104601    
                                                                 
 output_layer (Dense)        (None, 10)                2940      
                                                                 
=================================================================
Total params: 555,169
Trainable params: 247,449
Non-trainable params: 307,720
_________________________________________________________________
None
Training model 9.0...
Finished Training... 4 models left.
Training model 9.1...
Finished Training... 3 models left.
Training model 9.2...
Finished Training... 2 models left.
Training model 9.3...
Finished Training... 1 models left.
Training model 9.4...
Finished Training... 0 models left.
--------------------------------------------------
Run #9
n_units_one : 356
n_units_two : 293
learning_rate : 0.0017502728844860837
activation : selu
optimizer : sgd
Avg. Val. Acc. :: 0.8760666666666665
###############################################################################
{'n_units': [312, 220], 'n_layers': 1, 'learning_rate': 0.0002544805063401325, 'activation': 'selu', 'optimizer': 'adam', 'path': './test_models/ae_mlp_1_checkpoint_5.h5', 'avg_score': 0.8828333333333334}
