###############################################################################
Model: "sequential"
_________________________________________________________________
 Layer (type)                Output Shape              Param #   
=================================================================
 enc_1 (Dense)               (None, 392)               307720    
                                                                 
 enc_2 (Dense)               (None, 196)               77028     
                                                                 
 enc_3 (Dense)               (None, 98)                19306     
                                                                 
 enc_4 (Dense)               (None, 49)                4851      
                                                                 
 hidden_layer_0 (Dense)      (None, 44)                2200      
                                                                 
 hidden_layer_1 (Dense)      (None, 32)                1440      
                                                                 
 output_layer (Dense)        (None, 10)                330       
                                                                 
=================================================================
Total params: 412,875
Trainable params: 3,970
Non-trainable params: 408,905
_________________________________________________________________
None
Training model 0.0...
Finished Training... 4 models left.
Training model 0.1...
Finished Training... 3 models left.
Training model 0.2...
Finished Training... 2 models left.
Training model 0.3...
Finished Training... 1 models left.
Training model 0.4...
Finished Training... 0 models left.
--------------------------------------------------
Run #0
n_units_one : 44
n_units_two : 32
learning_rate : 0.03481410351917474
activation : selu
optimizer : adam
Avg. Val. Acc. :: 0.6526333333333334
###############################################################################
###############################################################################
Model: "sequential_5"
_________________________________________________________________
 Layer (type)                Output Shape              Param #   
=================================================================
 enc_1 (Dense)               (None, 392)               307720    
                                                                 
 enc_2 (Dense)               (None, 196)               77028     
                                                                 
 enc_3 (Dense)               (None, 98)                19306     
                                                                 
 enc_4 (Dense)               (None, 49)                4851      
                                                                 
 hidden_layer_0 (Dense)      (None, 40)                2000      
                                                                 
 output_layer (Dense)        (None, 10)                410       
                                                                 
=================================================================
Total params: 411,315
Trainable params: 2,410
Non-trainable params: 408,905
_________________________________________________________________
None
Training model 1.0...
Finished Training... 4 models left.
Training model 1.1...
Finished Training... 3 models left.
Training model 1.2...
Finished Training... 2 models left.
Training model 1.3...
Finished Training... 1 models left.
Training model 1.4...
Finished Training... 0 models left.
--------------------------------------------------
Run #1
n_units_one : 40
n_units_two : 13
learning_rate : 0.002710162626224753
activation : tanh
optimizer : adam
Avg. Val. Acc. :: 0.8385
###############################################################################
###############################################################################
Model: "sequential_10"
_________________________________________________________________
 Layer (type)                Output Shape              Param #   
=================================================================
 enc_1 (Dense)               (None, 392)               307720    
                                                                 
 enc_2 (Dense)               (None, 196)               77028     
                                                                 
 enc_3 (Dense)               (None, 98)                19306     
                                                                 
 enc_4 (Dense)               (None, 49)                4851      
                                                                 
 hidden_layer_0 (Dense)      (None, 41)                2050      
                                                                 
 output_layer (Dense)        (None, 10)                420       
                                                                 
=================================================================
Total params: 411,375
Trainable params: 2,470
Non-trainable params: 408,905
_________________________________________________________________
None
Training model 2.0...
Finished Training... 4 models left.
Training model 2.1...
Finished Training... 3 models left.
Training model 2.2...
Finished Training... 2 models left.
Training model 2.3...
Finished Training... 1 models left.
Training model 2.4...
Finished Training... 0 models left.
--------------------------------------------------
Run #2
n_units_one : 41
n_units_two : 32
learning_rate : 0.008800667561385514
activation : selu
optimizer : sgd
Avg. Val. Acc. :: 0.8553499999999999
###############################################################################
###############################################################################
Model: "sequential_15"
_________________________________________________________________
 Layer (type)                Output Shape              Param #   
=================================================================
 enc_1 (Dense)               (None, 392)               307720    
                                                                 
 enc_2 (Dense)               (None, 196)               77028     
                                                                 
 enc_3 (Dense)               (None, 98)                19306     
                                                                 
 enc_4 (Dense)               (None, 49)                4851      
                                                                 
 hidden_layer_0 (Dense)      (None, 38)                1900      
                                                                 
 output_layer (Dense)        (None, 10)                390       
                                                                 
=================================================================
Total params: 411,195
Trainable params: 2,290
Non-trainable params: 408,905
_________________________________________________________________
None
Training model 3.0...
Finished Training... 4 models left.
Training model 3.1...
Finished Training... 3 models left.
Training model 3.2...
Finished Training... 2 models left.
Training model 3.3...
Finished Training... 1 models left.
Training model 3.4...
Finished Training... 0 models left.
--------------------------------------------------
Run #3
n_units_one : 38
n_units_two : 33
learning_rate : 0.02527739155984556
activation : selu
optimizer : sgd
Avg. Val. Acc. :: 0.8598166666666668
###############################################################################
###############################################################################
Model: "sequential_20"
_________________________________________________________________
 Layer (type)                Output Shape              Param #   
=================================================================
 enc_1 (Dense)               (None, 392)               307720    
                                                                 
 enc_2 (Dense)               (None, 196)               77028     
                                                                 
 enc_3 (Dense)               (None, 98)                19306     
                                                                 
 enc_4 (Dense)               (None, 49)                4851      
                                                                 
 hidden_layer_0 (Dense)      (None, 45)                2250      
                                                                 
 hidden_layer_1 (Dense)      (None, 26)                1196      
                                                                 
 output_layer (Dense)        (None, 10)                270       
                                                                 
=================================================================
Total params: 412,621
Trainable params: 3,716
Non-trainable params: 408,905
_________________________________________________________________
None
Training model 4.0...
Finished Training... 4 models left.
Training model 4.1...
Finished Training... 3 models left.
Training model 4.2...
Finished Training... 2 models left.
Training model 4.3...
Finished Training... 1 models left.
Training model 4.4...
Finished Training... 0 models left.
--------------------------------------------------
Run #4
n_units_one : 45
n_units_two : 26
learning_rate : 0.018873257833005665
activation : relu
optimizer : adam
Avg. Val. Acc. :: 0.8086166666666668
###############################################################################
###############################################################################
Model: "sequential_25"
_________________________________________________________________
 Layer (type)                Output Shape              Param #   
=================================================================
 enc_1 (Dense)               (None, 392)               307720    
                                                                 
 enc_2 (Dense)               (None, 196)               77028     
                                                                 
 enc_3 (Dense)               (None, 98)                19306     
                                                                 
 enc_4 (Dense)               (None, 49)                4851      
                                                                 
 hidden_layer_0 (Dense)      (None, 38)                1900      
                                                                 
 output_layer (Dense)        (None, 10)                390       
                                                                 
=================================================================
Total params: 411,195
Trainable params: 2,290
Non-trainable params: 408,905
_________________________________________________________________
None
Training model 5.0...
Finished Training... 4 models left.
Training model 5.1...
Finished Training... 3 models left.
Training model 5.2...
Finished Training... 2 models left.
Training model 5.3...
Finished Training... 1 models left.
Training model 5.4...
Finished Training... 0 models left.
--------------------------------------------------
Run #5
n_units_one : 38
n_units_two : 30
learning_rate : 0.0002544805063401325
activation : selu
optimizer : adam
Avg. Val. Acc. :: 0.8554833333333333
###############################################################################
###############################################################################
Model: "sequential_30"
_________________________________________________________________
 Layer (type)                Output Shape              Param #   
=================================================================
 enc_1 (Dense)               (None, 392)               307720    
                                                                 
 enc_2 (Dense)               (None, 196)               77028     
                                                                 
 enc_3 (Dense)               (None, 98)                19306     
                                                                 
 enc_4 (Dense)               (None, 49)                4851      
                                                                 
 hidden_layer_0 (Dense)      (None, 39)                1950      
                                                                 
 hidden_layer_1 (Dense)      (None, 21)                840       
                                                                 
 output_layer (Dense)        (None, 10)                220       
                                                                 
=================================================================
Total params: 411,915
Trainable params: 3,010
Non-trainable params: 408,905
_________________________________________________________________
None
Training model 6.0...
Finished Training... 4 models left.
Training model 6.1...
Finished Training... 3 models left.
Training model 6.2...
Finished Training... 2 models left.
Training model 6.3...
Finished Training... 1 models left.
Training model 6.4...
Finished Training... 0 models left.
--------------------------------------------------
Run #6
n_units_one : 39
n_units_two : 21
learning_rate : 0.002237947889232047
activation : selu
optimizer : sgd
Avg. Val. Acc. :: 0.8527166666666666
###############################################################################
###############################################################################
Model: "sequential_35"
_________________________________________________________________
 Layer (type)                Output Shape              Param #   
=================================================================
 enc_1 (Dense)               (None, 392)               307720    
                                                                 
 enc_2 (Dense)               (None, 196)               77028     
                                                                 
 enc_3 (Dense)               (None, 98)                19306     
                                                                 
 enc_4 (Dense)               (None, 49)                4851      
                                                                 
 hidden_layer_0 (Dense)      (None, 37)                1850      
                                                                 
 hidden_layer_1 (Dense)      (None, 35)                1330      
                                                                 
 output_layer (Dense)        (None, 10)                360       
                                                                 
=================================================================
Total params: 412,445
Trainable params: 3,540
Non-trainable params: 408,905
_________________________________________________________________
None
Training model 7.0...
Finished Training... 4 models left.
Training model 7.1...
Finished Training... 3 models left.
Training model 7.2...
Finished Training... 2 models left.
Training model 7.3...
Finished Training... 1 models left.
Training model 7.4...
Finished Training... 0 models left.
--------------------------------------------------
Run #7
n_units_one : 37
n_units_two : 35
learning_rate : 0.0003256332587468535
activation : selu
optimizer : sgd
Avg. Val. Acc. :: 0.8308833333333334
###############################################################################
###############################################################################
Model: "sequential_40"
_________________________________________________________________
 Layer (type)                Output Shape              Param #   
=================================================================
 enc_1 (Dense)               (None, 392)               307720    
                                                                 
 enc_2 (Dense)               (None, 196)               77028     
                                                                 
 enc_3 (Dense)               (None, 98)                19306     
                                                                 
 enc_4 (Dense)               (None, 49)                4851      
                                                                 
 hidden_layer_0 (Dense)      (None, 44)                2200      
                                                                 
 output_layer (Dense)        (None, 10)                450       
                                                                 
=================================================================
Total params: 411,555
Trainable params: 2,650
Non-trainable params: 408,905
_________________________________________________________________
None
Training model 8.0...
Finished Training... 4 models left.
Training model 8.1...
Finished Training... 3 models left.
Training model 8.2...
Finished Training... 2 models left.
Training model 8.3...
Finished Training... 1 models left.
Training model 8.4...
Finished Training... 0 models left.
--------------------------------------------------
Run #8
n_units_one : 44
n_units_two : 20
learning_rate : 0.0079950682207965
activation : tanh
optimizer : sgd
Avg. Val. Acc. :: 0.8549333333333333
###############################################################################
###############################################################################
Model: "sequential_45"
_________________________________________________________________
 Layer (type)                Output Shape              Param #   
=================================================================
 enc_1 (Dense)               (None, 392)               307720    
                                                                 
 enc_2 (Dense)               (None, 196)               77028     
                                                                 
 enc_3 (Dense)               (None, 98)                19306     
                                                                 
 enc_4 (Dense)               (None, 49)                4851      
                                                                 
 hidden_layer_0 (Dense)      (None, 44)                2200      
                                                                 
 hidden_layer_1 (Dense)      (None, 36)                1620      
                                                                 
 output_layer (Dense)        (None, 10)                370       
                                                                 
=================================================================
Total params: 413,095
Trainable params: 4,190
Non-trainable params: 408,905
_________________________________________________________________
None
Training model 9.0...
Finished Training... 4 models left.
Training model 9.1...
Finished Training... 3 models left.
Training model 9.2...
Finished Training... 2 models left.
Training model 9.3...
Finished Training... 1 models left.
Training model 9.4...
Finished Training... 0 models left.
--------------------------------------------------
Run #9
n_units_one : 44
n_units_two : 36
learning_rate : 0.0017502728844860837
activation : selu
optimizer : sgd
Avg. Val. Acc. :: 0.8586166666666667
###############################################################################
{'n_units': [44, 36], 'n_layers': 2, 'learning_rate': 0.0017502728844860837, 'activation': 'selu', 'optimizer': 'sgd', 'path': './test_models/ae_mlp_4_checkpoint_9.h5', 'avg_score': 0.8595833333333334}
              precision    recall  f1-score   support

           0       0.78      0.84      0.81      1000
           1       0.99      0.95      0.97      1000
           2       0.72      0.78      0.75      1000
           3       0.87      0.85      0.86      1000
           4       0.77      0.76      0.76      1000
           5       0.95      0.93      0.94      1000
           6       0.66      0.59      0.62      1000
           7       0.92      0.92      0.92      1000
           8       0.92      0.97      0.94      1000
           9       0.93      0.95      0.94      1000

    accuracy                           0.85     10000
   macro avg       0.85      0.85      0.85     10000
weighted avg       0.85      0.85      0.85     10000

