(3276, 10)
ph                 491
Hardness             0
Solids               0
Chloramines          0
Sulfate            781
Conductivity         0
Organic_carbon       0
Trihalomethanes    162
Turbidity            0
Potability           0
dtype: int64
#################################################################
DECISION TREE CLASSIFIER

Best Validation Score 0.6218964659034345
Best Parameters: 
{'tree__splitter': 'random', 'tree__min_samples_split': 2, 'tree__max_features': 'auto', 'tree__max_depth': 4, 'tree__criterion': 'entropy'}

		Decision Tree Classifier

              precision    recall  f1-score   support

           0       0.99      0.61      0.76       814
           1       0.01      0.40      0.01         5

    accuracy                           0.61       819
   macro avg       0.50      0.51      0.39       819
weighted avg       0.99      0.61      0.75       819

#################################################################
#################################################################
XGBOOST CLASSIFIER

[18:13:03] WARNING: ../src/learner.cc:627: 
Parameters: { "grow_policty" } might not be used.

  This could be a false alarm, with some parameters getting used by language bindings but
  then being mistakenly passed down to XGBoost core, or some parameter actually being used
  but getting flagged wrongly here. Please open an issue if you find any such cases.


Best Validation Score 0.6495802223328356
Best Parameters: 
{'bst__n_estimators': 87, 'bst__max_depth': 8, 'bst__grow_policty': 0, 'bst__booster': 'dart'}

		XGBoost Classifier

              precision    recall  f1-score   support

           0       0.78      0.69      0.73       574
           1       0.43      0.56      0.49       245

    accuracy                           0.65       819
   macro avg       0.61      0.62      0.61       819
weighted avg       0.68      0.65      0.66       819

#################################################################
#################################################################
BAGGING CLASSIFIER

Best Validation Score 0.6829351252696201
Best Parameters: 
{'bag__n_estimators': 23, 'bag__base_estimator': SVC()}

		Bagging Classifier

              precision    recall  f1-score   support

           0       0.91      0.67      0.77       682
           1       0.29      0.68      0.41       137

    accuracy                           0.67       819
   macro avg       0.60      0.68      0.59       819
weighted avg       0.81      0.67      0.71       819

#################################################################
#################################################################
RANDOM FOREST CLASSIFIER

Best Validation Score 0.6507881201260992
Best Parameters: 
{'rf__n_estimators': 90, 'rf__max_features': 'auto', 'rf__max_depth': 7, 'rf__criterion': 'entropy'}

		Random Forest Classifier

              precision    recall  f1-score   support

           0       0.98      0.64      0.78       764
           1       0.14      0.80      0.24        55

    accuracy                           0.65       819
   macro avg       0.56      0.72      0.51       819
weighted avg       0.92      0.65      0.74       819

#################################################################
